{"/Users/yangzhou/Documents/个人项目/easy-clipboard/lib/index.ts": {"path":"/Users/yangzhou/Documents/个人项目/easy-clipboard/lib/index.ts","statementMap":{"0":{"start":{"line":1,"column":0},"end":{"line":1,"column":null}},"1":{"start":{"line":15,"column":4},"end":{"line":15,"column":9}},"2":{"start":{"line":16,"column":4},"end":{"line":16,"column":9}},"3":{"start":{"line":17,"column":4},"end":{"line":17,"column":9}},"4":{"start":{"line":18,"column":4},"end":{"line":18,"column":9}},"5":{"start":{"line":22,"column":4},"end":{"line":33,"column":null}},"6":{"start":{"line":23,"column":23},"end":{"line":23,"column":31}},"7":{"start":{"line":24,"column":6},"end":{"line":24,"column":14}},"8":{"start":{"line":25,"column":6},"end":{"line":25,"column":14}},"9":{"start":{"line":26,"column":6},"end":{"line":26,"column":14}},"10":{"start":{"line":27,"column":6},"end":{"line":27,"column":14}},"11":{"start":{"line":28,"column":6},"end":{"line":28,"column":14}},"12":{"start":{"line":29,"column":6},"end":{"line":29,"column":14}},"13":{"start":{"line":30,"column":6},"end":{"line":30,"column":14}},"14":{"start":{"line":31,"column":6},"end":{"line":31,"column":14}},"15":{"start":{"line":32,"column":6},"end":{"line":32,"column":11}},"16":{"start":{"line":35,"column":4},"end":{"line":37,"column":null}},"17":{"start":{"line":36,"column":6},"end":{"line":36,"column":11}},"18":{"start":{"line":39,"column":4},"end":{"line":39,"column":9}},"19":{"start":{"line":40,"column":4},"end":{"line":40,"column":11}},"20":{"start":{"line":44,"column":4},"end":{"line":47,"column":null}},"21":{"start":{"line":45,"column":6},"end":{"line":45,"column":11}},"22":{"start":{"line":46,"column":6},"end":{"line":46,"column":11}},"23":{"start":{"line":51,"column":20},"end":{"line":51,"column":null}},"24":{"start":{"line":53,"column":4},"end":{"line":59,"column":null}},"25":{"start":{"line":54,"column":6},"end":{"line":54,"column":11}},"26":{"start":{"line":55,"column":11},"end":{"line":59,"column":null}},"27":{"start":{"line":56,"column":6},"end":{"line":56,"column":11}},"28":{"start":{"line":58,"column":6},"end":{"line":58,"column":12}},"29":{"start":{"line":61,"column":4},"end":{"line":61,"column":9}},"30":{"start":{"line":65,"column":4},"end":{"line":65,"column":11}},"31":{"start":{"line":66,"column":31},"end":{"line":66,"column":null}},"32":{"start":{"line":68,"column":6},"end":{"line":79,"column":null}},"33":{"start":{"line":69,"column":8},"end":{"line":69,"column":16}},"34":{"start":{"line":70,"column":8},"end":{"line":70,"column":15}},"35":{"start":{"line":75,"column":8},"end":{"line":75,"column":14}},"36":{"start":{"line":81,"column":6},"end":{"line":81,"column":11}},"37":{"start":{"line":86,"column":4},"end":{"line":86,"column":10}},"38":{"start":{"line":91,"column":4},"end":{"line":91,"column":9}},"39":{"start":{"line":96,"column":4},"end":{"line":96,"column":9}},"40":{"start":{"line":97,"column":4},"end":{"line":97,"column":11}},"41":{"start":{"line":101,"column":4},"end":{"line":101,"column":9}},"42":{"start":{"line":102,"column":4},"end":{"line":102,"column":11}},"43":{"start":{"line":106,"column":4},"end":{"line":106,"column":9}},"44":{"start":{"line":110,"column":15},"end":{"line":110,"column":19}}},"fnMap":{"0":{"name":"(anonymous_0)","decl":{"start":{"line":14,"column":2},"end":{"line":14,"column":null}},"loc":{"start":{"line":14,"column":2},"end":{"line":19,"column":null}}},"1":{"name":"(anonymous_1)","decl":{"start":{"line":21,"column":2},"end":{"line":21,"column":12}},"loc":{"start":{"line":21,"column":25},"end":{"line":41,"column":null}}},"2":{"name":"(anonymous_2)","decl":{"start":{"line":43,"column":2},"end":{"line":43,"column":12}},"loc":{"start":{"line":43,"column":12},"end":{"line":48,"column":null}}},"3":{"name":"(anonymous_3)","decl":{"start":{"line":50,"column":2},"end":{"line":50,"column":14}},"loc":{"start":{"line":50,"column":23},"end":{"line":62,"column":null}}},"4":{"name":"(anonymous_4)","decl":{"start":{"line":64,"column":2},"end":{"line":64,"column":10}},"loc":{"start":{"line":64,"column":25},"end":{"line":83,"column":null}}},"5":{"name":"(anonymous_5)","decl":{"start":{"line":65,"column":23},"end":{"line":65,"column":24}},"loc":{"start":{"line":65,"column":43},"end":{"line":82,"column":null}}},"6":{"name":"(anonymous_6)","decl":{"start":{"line":85,"column":2},"end":{"line":85,"column":16}},"loc":{"start":{"line":85,"column":16},"end":{"line":87,"column":null}}},"7":{"name":"(anonymous_7)","decl":{"start":{"line":90,"column":2},"end":{"line":90,"column":9}},"loc":{"start":{"line":90,"column":26},"end":{"line":92,"column":null}}},"8":{"name":"(anonymous_8)","decl":{"start":{"line":95,"column":2},"end":{"line":95,"column":5}},"loc":{"start":{"line":95,"column":14},"end":{"line":98,"column":null}}},"9":{"name":"(anonymous_9)","decl":{"start":{"line":100,"column":2},"end":{"line":100,"column":6}},"loc":{"start":{"line":100,"column":15},"end":{"line":103,"column":null}}},"10":{"name":"(anonymous_10)","decl":{"start":{"line":105,"column":2},"end":{"line":105,"column":9}},"loc":{"start":{"line":105,"column":9},"end":{"line":107,"column":null}}}},"branchMap":{"0":{"loc":{"start":{"line":22,"column":4},"end":{"line":33,"column":null}},"type":"if","locations":[{"start":{"line":22,"column":4},"end":{"line":33,"column":null}},{"start":{"line":22,"column":4},"end":{"line":33,"column":null}}]},"1":{"loc":{"start":{"line":35,"column":4},"end":{"line":37,"column":null}},"type":"if","locations":[{"start":{"line":35,"column":4},"end":{"line":37,"column":null}},{"start":{"line":35,"column":4},"end":{"line":37,"column":null}}]},"2":{"loc":{"start":{"line":44,"column":4},"end":{"line":47,"column":null}},"type":"if","locations":[{"start":{"line":44,"column":4},"end":{"line":47,"column":null}},{"start":{"line":44,"column":4},"end":{"line":47,"column":null}}]},"3":{"loc":{"start":{"line":51,"column":48},"end":{"line":51,"column":56}},"type":"cond-expr","locations":[{"start":{"line":51,"column":48},"end":{"line":51,"column":56}},{"start":{"line":51,"column":56},"end":{"line":51,"column":null}}]},"4":{"loc":{"start":{"line":53,"column":4},"end":{"line":59,"column":null}},"type":"if","locations":[{"start":{"line":53,"column":4},"end":{"line":59,"column":null}},{"start":{"line":53,"column":4},"end":{"line":59,"column":null}}]},"5":{"loc":{"start":{"line":55,"column":11},"end":{"line":59,"column":null}},"type":"if","locations":[{"start":{"line":55,"column":11},"end":{"line":59,"column":null}},{"start":{"line":55,"column":11},"end":{"line":59,"column":null}}]},"6":{"loc":{"start":{"line":86,"column":4},"end":{"line":86,"column":10}},"type":"binary-expr","locations":[{"start":{"line":86,"column":4},"end":{"line":86,"column":10}},{"start":{"line":86,"column":29},"end":{"line":86,"column":35}}]}},"s":{"0":1,"1":1,"2":1,"3":1,"4":1,"5":4,"6":1,"7":1,"8":1,"9":1,"10":1,"11":1,"12":1,"13":1,"14":1,"15":1,"16":4,"17":2,"18":4,"19":4,"20":1,"21":1,"22":1,"23":9,"24":9,"25":4,"26":5,"27":2,"28":3,"29":6,"30":6,"31":6,"32":6,"33":6,"34":5,"35":1,"36":6,"37":6,"38":1,"39":1,"40":1,"41":8,"42":5,"43":1,"44":1},"f":{"0":1,"1":4,"2":1,"3":9,"4":6,"5":6,"6":6,"7":1,"8":1,"9":8,"10":1},"b":{"0":[1,3],"1":[2,2],"2":[1,0],"3":[1,8],"4":[4,5],"5":[2,3],"6":[6,6]}}
}
