TN:
SF:/Users/yangzhou/Documents/个人项目/easy-clipboard/lib/index.ts
FN:14,(anonymous_0)
FN:21,(anonymous_1)
FN:43,(anonymous_2)
FN:50,(anonymous_3)
FN:64,(anonymous_4)
FN:65,(anonymous_5)
FN:85,(anonymous_6)
FN:90,(anonymous_7)
FN:95,(anonymous_8)
FN:100,(anonymous_9)
FN:105,(anonymous_10)
FNF:11
FNH:11
FNDA:1,(anonymous_0)
FNDA:4,(anonymous_1)
FNDA:1,(anonymous_2)
FNDA:9,(anonymous_3)
FNDA:6,(anonymous_4)
FNDA:6,(anonymous_5)
FNDA:6,(anonymous_6)
FNDA:1,(anonymous_7)
FNDA:1,(anonymous_8)
FNDA:8,(anonymous_9)
FNDA:1,(anonymous_10)
DA:1,1
DA:15,1
DA:16,1
DA:17,1
DA:18,1
DA:22,4
DA:23,1
DA:24,1
DA:25,1
DA:26,1
DA:27,1
DA:28,1
DA:29,1
DA:30,1
DA:31,1
DA:32,1
DA:35,4
DA:36,2
DA:39,4
DA:40,4
DA:44,1
DA:45,1
DA:46,1
DA:51,9
DA:53,9
DA:54,4
DA:55,5
DA:56,2
DA:58,3
DA:61,6
DA:65,6
DA:66,6
DA:68,6
DA:69,6
DA:70,5
DA:75,1
DA:81,6
DA:86,6
DA:91,1
DA:96,1
DA:97,1
DA:101,8
DA:102,5
DA:106,1
DA:110,1
LF:45
LH:45
BRDA:22,0,0,1
BRDA:22,0,1,3
BRDA:35,1,0,2
BRDA:35,1,1,2
BRDA:44,2,0,1
BRDA:44,2,1,0
BRDA:51,3,0,1
BRDA:51,3,1,8
BRDA:53,4,0,4
BRDA:53,4,1,5
BRDA:55,5,0,2
BRDA:55,5,1,3
BRDA:86,6,0,6
BRDA:86,6,1,6
BRF:14
BRH:13
end_of_record
